TN:
SF:./src/js/requirejs-config.js
FNF:0
FNH:0
DA:1,1
LF:1
LH:1
BRF:0
BRH:0
end_of_record
TN:
SF:./src/js/service/date-service.js
FN:3,(anonymous_1)
FN:8,(anonymous_2)
FN:10,(anonymous_3)
FNF:3
FNH:3
FNDA:1,(anonymous_1)
FNDA:1,(anonymous_2)
FNDA:3,(anonymous_3)
DA:1,1
DA:6,1
DA:9,1
DA:11,3
DA:12,2
DA:14,1
DA:15,1
LF:7
LH:7
BRDA:11,1,0,2
BRDA:11,1,1,1
BRF:2
BRH:2
end_of_record
TN:
SF:./src/js/service/tasks-service.js
FN:3,(anonymous_1)
FN:7,(anonymous_2)
FN:9,(anonymous_3)
FN:13,(anonymous_4)
FN:17,(anonymous_5)
FN:21,(anonymous_6)
FNF:6
FNH:6
FNDA:1,(anonymous_1)
FNDA:4,(anonymous_2)
FNDA:1,(anonymous_3)
FNDA:1,(anonymous_4)
FNDA:1,(anonymous_5)
FNDA:1,(anonymous_6)
DA:1,1
DA:5,1
DA:8,4
DA:10,1
DA:14,1
DA:18,1
DA:22,1
LF:7
LH:7
BRF:0
BRH:0
end_of_record
TN:
SF:./src/js/service/global-service.js
FN:3,(anonymous_1)
FN:8,(anonymous_2)
FN:12,(anonymous_3)
FNF:3
FNH:3
FNDA:1,(anonymous_1)
FNDA:4,(anonymous_2)
FNDA:2,(anonymous_3)
DA:1,1
DA:6,1
DA:9,4
DA:13,2
LF:4
LH:4
BRF:0
BRH:0
end_of_record
